ar.edu.unq.desapp.grupoG.backenddesappapi.BackendDesappApiApplication - Starting BackendDesappApiApplication on DESKTOP-UBGRTCP with PID 6956 (C:\Users\gonzo\Desktop\desarrollo\Grupo-G-022020\backend-desapp-api\target\classes started by gonzo in C:\Users\gonzo\Desktop\desarrollo\Grupo-G-022020\backend-desapp-api)
ar.edu.unq.desapp.grupoG.backenddesappapi.BackendDesappApiApplication - No active profile set, falling back to default profiles: default
org.springframework.boot.devtools.env.DevToolsPropertyDefaultsPostProcessor - Devtools property defaults active! Set 'spring.devtools.add-properties' to 'false' to disable
org.springframework.boot.devtools.env.DevToolsPropertyDefaultsPostProcessor - For additional web related logging consider setting the 'logging.level.web' property to 'DEBUG'
org.springframework.data.repository.config.RepositoryConfigurationDelegate - Bootstrapping Spring Data JPA repositories in DEFERRED mode.
org.springframework.data.repository.config.RepositoryConfigurationDelegate - Finished Spring Data repository scanning in 124ms. Found 6 JPA repository interfaces.
org.springframework.boot.web.embedded.tomcat.TomcatWebServer - Tomcat initialized with port(s): 8080 (http)
org.apache.catalina.core.StandardService - Starting service [Tomcat]
org.apache.catalina.core.StandardEngine - Starting Servlet engine: [Apache Tomcat/9.0.37]
org.apache.catalina.core.ContainerBase.[Tomcat].[localhost].[/] - Initializing Spring embedded WebApplicationContext
org.springframework.boot.web.servlet.context.ServletWebServerApplicationContext - Root WebApplicationContext: initialization completed in 2329 ms
com.zaxxer.hikari.HikariDataSource - HikariPool-1 - Starting...
com.zaxxer.hikari.HikariDataSource - HikariPool-1 - Start completed.
org.springframework.boot.autoconfigure.h2.H2ConsoleAutoConfiguration - H2 console available at '/h2'. Database available at 'jdbc:h2:mem:testdb'
org.springframework.scheduling.concurrent.ThreadPoolTaskExecutor - Initializing ExecutorService 'applicationTaskExecutor'
org.springframework.scheduling.concurrent.ThreadPoolTaskScheduler - Initializing ExecutorService 'taskScheduler'
org.hibernate.jpa.internal.util.LogHelper - HHH000204: Processing PersistenceUnitInfo [name: default]
org.hibernate.Version - HHH000412: Hibernate ORM core version 5.4.20.Final
org.hibernate.annotations.common.Version - HCANN000001: Hibernate Commons Annotations {5.1.0.Final}
org.hibernate.dialect.Dialect - HHH000400: Using dialect: org.hibernate.dialect.H2Dialect
org.hibernate.engine.transaction.jta.platform.internal.JtaPlatformInitiator - HHH000490: Using JtaPlatform implementation: [org.hibernate.engine.transaction.jta.platform.internal.NoJtaPlatform]
org.springframework.orm.jpa.LocalContainerEntityManagerFactoryBean - Initialized JPA EntityManagerFactory for persistence unit 'default'
org.springframework.boot.devtools.autoconfigure.OptionalLiveReloadServer - LiveReload server is running on port 35729
org.springframework.boot.autoconfigure.orm.jpa.JpaBaseConfiguration$JpaWebConfiguration - spring.jpa.open-in-view is enabled by default. Therefore, database queries may be performed during view rendering. Explicitly configure spring.jpa.open-in-view to disable this warning
org.springframework.boot.web.embedded.tomcat.TomcatWebServer - Tomcat started on port(s): 8080 (http) with context path ''
org.springframework.data.repository.config.DeferredRepositoryInitializationListener - Triggering deferred initialization of Spring Data repositories…
org.springframework.data.repository.config.DeferredRepositoryInitializationListener - Spring Data repositories initialized!
ar.edu.unq.desapp.grupoG.backenddesappapi.BackendDesappApiApplication - Started BackendDesappApiApplication in 6.963 seconds (JVM running for 8.026)
org.apache.catalina.core.ContainerBase.[Tomcat].[localhost].[/] - Initializing Spring DispatcherServlet 'dispatcherServlet'
org.springframework.web.servlet.DispatcherServlet - Initializing Servlet 'dispatcherServlet'
org.springframework.web.servlet.DispatcherServlet - Completed initialization in 13 ms
ar.edu.unq.desapp.grupoG.backenddesappapi.aspects.AuditLoggerAspect - /-------------------Audit-Log-------------------------/
ar.edu.unq.desapp.grupoG.backenddesappapi.aspects.AuditLoggerAspect - /////// Executed in time: 24 de noviembre de 2020 15:45:41 ART ///////
ar.edu.unq.desapp.grupoG.backenddesappapi.aspects.AuditLoggerAspect - /////// User ar.edu.unq.desapp.grupoG.backenddesappapi.controller.UserController.getUserByEmail(User) ///////
ar.edu.unq.desapp.grupoG.backenddesappapi.aspects.AuditLoggerAspect - /////// Executed in 363ms ///////
ar.edu.unq.desapp.grupoG.backenddesappapi.aspects.AuditLoggerAspect - /////// Params ///////
ar.edu.unq.desapp.grupoG.backenddesappapi.aspects.AuditLoggerAspect - /////// ar.edu.unq.desapp.grupoG.backenddesappapi.model.User@3ad289e0 ///////
ar.edu.unq.desapp.grupoG.backenddesappapi.aspects.AuditLoggerAspect - /-----------------------------------------------------/
ar.edu.unq.desapp.grupoG.backenddesappapi.aspects.AuditLoggerAspect - /-------------------Audit-Log-------------------------/
ar.edu.unq.desapp.grupoG.backenddesappapi.aspects.AuditLoggerAspect - /////// Executed in time: 24 de noviembre de 2020 15:45:44 ART ///////
ar.edu.unq.desapp.grupoG.backenddesappapi.aspects.AuditLoggerAspect - /////// Stream ar.edu.unq.desapp.grupoG.backenddesappapi.controller.ProjectController.findProjectsCloseToFinish(Pageable) ///////
ar.edu.unq.desapp.grupoG.backenddesappapi.aspects.AuditLoggerAspect - /////// Executed in 114ms ///////
ar.edu.unq.desapp.grupoG.backenddesappapi.aspects.AuditLoggerAspect - /////// Params ///////
ar.edu.unq.desapp.grupoG.backenddesappapi.aspects.AuditLoggerAspect - /////// Page request [number: 0, size 5, sort: UNSORTED] ///////
ar.edu.unq.desapp.grupoG.backenddesappapi.aspects.AuditLoggerAspect - /-----------------------------------------------------/
ar.edu.unq.desapp.grupoG.backenddesappapi.aspects.AuditLoggerAspect - /-------------------Audit-Log-------------------------/
ar.edu.unq.desapp.grupoG.backenddesappapi.aspects.AuditLoggerAspect - /////// Executed in time: 24 de noviembre de 2020 15:45:46 ART ///////
ar.edu.unq.desapp.grupoG.backenddesappapi.aspects.AuditLoggerAspect - /////// Stream ar.edu.unq.desapp.grupoG.backenddesappapi.controller.ProjectController.findProjectsCloseToFinish(Pageable) ///////
ar.edu.unq.desapp.grupoG.backenddesappapi.aspects.AuditLoggerAspect - /////// Executed in 6ms ///////
ar.edu.unq.desapp.grupoG.backenddesappapi.aspects.AuditLoggerAspect - /////// Params ///////
ar.edu.unq.desapp.grupoG.backenddesappapi.aspects.AuditLoggerAspect - /////// Page request [number: 1, size 5, sort: UNSORTED] ///////
ar.edu.unq.desapp.grupoG.backenddesappapi.aspects.AuditLoggerAspect - /-----------------------------------------------------/
ar.edu.unq.desapp.grupoG.backenddesappapi.aspects.AuditLoggerAspect - /-------------------Audit-Log-------------------------/
ar.edu.unq.desapp.grupoG.backenddesappapi.aspects.AuditLoggerAspect - /////// Executed in time: 24 de noviembre de 2020 15:45:48 ART ///////
ar.edu.unq.desapp.grupoG.backenddesappapi.aspects.AuditLoggerAspect - /////// Stream ar.edu.unq.desapp.grupoG.backenddesappapi.controller.ProjectController.findProjectsCloseToFinish(Pageable) ///////
ar.edu.unq.desapp.grupoG.backenddesappapi.aspects.AuditLoggerAspect - /////// Executed in 6ms ///////
ar.edu.unq.desapp.grupoG.backenddesappapi.aspects.AuditLoggerAspect - /////// Params ///////
ar.edu.unq.desapp.grupoG.backenddesappapi.aspects.AuditLoggerAspect - /////// Page request [number: 2, size 5, sort: UNSORTED] ///////
ar.edu.unq.desapp.grupoG.backenddesappapi.aspects.AuditLoggerAspect - /-----------------------------------------------------/
ar.edu.unq.desapp.grupoG.backenddesappapi.aspects.AuditLoggerAspect - /-------------------Audit-Log-------------------------/
ar.edu.unq.desapp.grupoG.backenddesappapi.aspects.AuditLoggerAspect - /////// Executed in time: 24 de noviembre de 2020 15:45:51 ART ///////
ar.edu.unq.desapp.grupoG.backenddesappapi.aspects.AuditLoggerAspect - /////// Stream ar.edu.unq.desapp.grupoG.backenddesappapi.controller.ProjectController.getOpenProjects(Pageable) ///////
ar.edu.unq.desapp.grupoG.backenddesappapi.aspects.AuditLoggerAspect - /////// Executed in 13ms ///////
ar.edu.unq.desapp.grupoG.backenddesappapi.aspects.AuditLoggerAspect - /////// Params ///////
ar.edu.unq.desapp.grupoG.backenddesappapi.aspects.AuditLoggerAspect - /////// Page request [number: 0, size 5, sort: UNSORTED] ///////
ar.edu.unq.desapp.grupoG.backenddesappapi.aspects.AuditLoggerAspect - /-----------------------------------------------------/
ar.edu.unq.desapp.grupoG.backenddesappapi.aspects.AuditLoggerAspect - /-------------------Audit-Log-------------------------/
ar.edu.unq.desapp.grupoG.backenddesappapi.aspects.AuditLoggerAspect - /////// Executed in time: 24 de noviembre de 2020 15:45:57 ART ///////
ar.edu.unq.desapp.grupoG.backenddesappapi.aspects.AuditLoggerAspect - /////// List ar.edu.unq.desapp.grupoG.backenddesappapi.controller.DonationsByUserController.getDonationsByUserServiceByIdUser(Integer) ///////
ar.edu.unq.desapp.grupoG.backenddesappapi.aspects.AuditLoggerAspect - /////// Executed in 35ms ///////
ar.edu.unq.desapp.grupoG.backenddesappapi.aspects.AuditLoggerAspect - /////// Params ///////
ar.edu.unq.desapp.grupoG.backenddesappapi.aspects.AuditLoggerAspect - /////// 1 ///////
ar.edu.unq.desapp.grupoG.backenddesappapi.aspects.AuditLoggerAspect - /-----------------------------------------------------/
ar.edu.unq.desapp.grupoG.backenddesappapi.aspects.AuditLoggerAspect - /-------------------Audit-Log-------------------------/
ar.edu.unq.desapp.grupoG.backenddesappapi.aspects.AuditLoggerAspect - /////// Executed in time: 24 de noviembre de 2020 15:46:54 ART ///////
ar.edu.unq.desapp.grupoG.backenddesappapi.aspects.AuditLoggerAspect - /////// List ar.edu.unq.desapp.grupoG.backenddesappapi.controller.LocationController.getAllLocations() ///////
ar.edu.unq.desapp.grupoG.backenddesappapi.aspects.AuditLoggerAspect - /////// Executed in 17ms ///////
ar.edu.unq.desapp.grupoG.backenddesappapi.aspects.AuditLoggerAspect - /////// Params ///////
org.apache.catalina.core.ContainerBase.[Tomcat].[localhost].[/].[dispatcherServlet] - Servlet.service() for servlet [dispatcherServlet] in context with path [] threw exception [Request processing failed; nested exception is java.lang.ArrayIndexOutOfBoundsException: 0] with root cause
java.lang.ArrayIndexOutOfBoundsException: 0
	at ar.edu.unq.desapp.grupoG.backenddesappapi.aspects.AuditLoggerAspect.execute(AuditLoggerAspect.java:39) ~[classes/:?]
	at sun.reflect.NativeMethodAccessorImpl.invoke0(Native Method) ~[?:1.8.0_261]
	at sun.reflect.NativeMethodAccessorImpl.invoke(NativeMethodAccessorImpl.java:62) ~[?:1.8.0_261]
	at sun.reflect.DelegatingMethodAccessorImpl.invoke(DelegatingMethodAccessorImpl.java:43) ~[?:1.8.0_261]
	at java.lang.reflect.Method.invoke(Method.java:498) ~[?:1.8.0_261]
	at org.springframework.aop.aspectj.AbstractAspectJAdvice.invokeAdviceMethodWithGivenArgs(AbstractAspectJAdvice.java:644) ~[spring-aop-5.2.8.RELEASE.jar:5.2.8.RELEASE]
	at org.springframework.aop.aspectj.AbstractAspectJAdvice.invokeAdviceMethod(AbstractAspectJAdvice.java:633) ~[spring-aop-5.2.8.RELEASE.jar:5.2.8.RELEASE]
	at org.springframework.aop.aspectj.AspectJAroundAdvice.invoke(AspectJAroundAdvice.java:70) ~[spring-aop-5.2.8.RELEASE.jar:5.2.8.RELEASE]
	at org.springframework.aop.framework.ReflectiveMethodInvocation.proceed(ReflectiveMethodInvocation.java:175) ~[spring-aop-5.2.8.RELEASE.jar:5.2.8.RELEASE]
	at org.springframework.aop.framework.CglibAopProxy$CglibMethodInvocation.proceed(CglibAopProxy.java:749) ~[spring-aop-5.2.8.RELEASE.jar:5.2.8.RELEASE]
	at org.springframework.aop.interceptor.ExposeInvocationInterceptor.invoke(ExposeInvocationInterceptor.java:95) ~[spring-aop-5.2.8.RELEASE.jar:5.2.8.RELEASE]
	at org.springframework.aop.framework.ReflectiveMethodInvocation.proceed(ReflectiveMethodInvocation.java:186) ~[spring-aop-5.2.8.RELEASE.jar:5.2.8.RELEASE]
	at org.springframework.aop.framework.CglibAopProxy$CglibMethodInvocation.proceed(CglibAopProxy.java:749) ~[spring-aop-5.2.8.RELEASE.jar:5.2.8.RELEASE]
	at org.springframework.aop.framework.CglibAopProxy$DynamicAdvisedInterceptor.intercept(CglibAopProxy.java:691) ~[spring-aop-5.2.8.RELEASE.jar:5.2.8.RELEASE]
	at ar.edu.unq.desapp.grupoG.backenddesappapi.controller.LocationController$$EnhancerBySpringCGLIB$$936a597f.getAllLocations(<generated>) ~[classes/:?]
	at sun.reflect.NativeMethodAccessorImpl.invoke0(Native Method) ~[?:1.8.0_261]
	at sun.reflect.NativeMethodAccessorImpl.invoke(NativeMethodAccessorImpl.java:62) ~[?:1.8.0_261]
	at sun.reflect.DelegatingMethodAccessorImpl.invoke(DelegatingMethodAccessorImpl.java:43) ~[?:1.8.0_261]
	at java.lang.reflect.Method.invoke(Method.java:498) ~[?:1.8.0_261]
	at org.springframework.web.method.support.InvocableHandlerMethod.doInvoke(InvocableHandlerMethod.java:190) ~[spring-web-5.2.8.RELEASE.jar:5.2.8.RELEASE]
	at org.springframework.web.method.support.InvocableHandlerMethod.invokeForRequest(InvocableHandlerMethod.java:138) ~[spring-web-5.2.8.RELEASE.jar:5.2.8.RELEASE]
	at org.springframework.web.servlet.mvc.method.annotation.ServletInvocableHandlerMethod.invokeAndHandle(ServletInvocableHandlerMethod.java:105) ~[spring-webmvc-5.2.8.RELEASE.jar:5.2.8.RELEASE]
	at org.springframework.web.servlet.mvc.method.annotation.RequestMappingHandlerAdapter.invokeHandlerMethod(RequestMappingHandlerAdapter.java:878) ~[spring-webmvc-5.2.8.RELEASE.jar:5.2.8.RELEASE]
	at org.springframework.web.servlet.mvc.method.annotation.RequestMappingHandlerAdapter.handleInternal(RequestMappingHandlerAdapter.java:792) ~[spring-webmvc-5.2.8.RELEASE.jar:5.2.8.RELEASE]
	at org.springframework.web.servlet.mvc.method.AbstractHandlerMethodAdapter.handle(AbstractHandlerMethodAdapter.java:87) ~[spring-webmvc-5.2.8.RELEASE.jar:5.2.8.RELEASE]
	at org.springframework.web.servlet.DispatcherServlet.doDispatch(DispatcherServlet.java:1040) ~[spring-webmvc-5.2.8.RELEASE.jar:5.2.8.RELEASE]
	at org.springframework.web.servlet.DispatcherServlet.doService(DispatcherServlet.java:943) ~[spring-webmvc-5.2.8.RELEASE.jar:5.2.8.RELEASE]
	at org.springframework.web.servlet.FrameworkServlet.processRequest(FrameworkServlet.java:1006) ~[spring-webmvc-5.2.8.RELEASE.jar:5.2.8.RELEASE]
	at org.springframework.web.servlet.FrameworkServlet.doGet(FrameworkServlet.java:898) ~[spring-webmvc-5.2.8.RELEASE.jar:5.2.8.RELEASE]
	at javax.servlet.http.HttpServlet.service(HttpServlet.java:626) ~[tomcat-embed-core-9.0.37.jar:4.0.FR]
	at org.springframework.web.servlet.FrameworkServlet.service(FrameworkServlet.java:883) ~[spring-webmvc-5.2.8.RELEASE.jar:5.2.8.RELEASE]
	at javax.servlet.http.HttpServlet.service(HttpServlet.java:733) ~[tomcat-embed-core-9.0.37.jar:4.0.FR]
	at org.apache.catalina.core.ApplicationFilterChain.internalDoFilter(ApplicationFilterChain.java:231) ~[tomcat-embed-core-9.0.37.jar:9.0.37]
	at org.apache.catalina.core.ApplicationFilterChain.doFilter(ApplicationFilterChain.java:166) ~[tomcat-embed-core-9.0.37.jar:9.0.37]
	at org.apache.tomcat.websocket.server.WsFilter.doFilter(WsFilter.java:53) ~[tomcat-embed-websocket-9.0.37.jar:9.0.37]
	at org.apache.catalina.core.ApplicationFilterChain.internalDoFilter(ApplicationFilterChain.java:193) ~[tomcat-embed-core-9.0.37.jar:9.0.37]
	at org.apache.catalina.core.ApplicationFilterChain.doFilter(ApplicationFilterChain.java:166) ~[tomcat-embed-core-9.0.37.jar:9.0.37]
	at org.springframework.web.filter.RequestContextFilter.doFilterInternal(RequestContextFilter.java:100) ~[spring-web-5.2.8.RELEASE.jar:5.2.8.RELEASE]
	at org.springframework.web.filter.OncePerRequestFilter.doFilter(OncePerRequestFilter.java:119) ~[spring-web-5.2.8.RELEASE.jar:5.2.8.RELEASE]
	at org.apache.catalina.core.ApplicationFilterChain.internalDoFilter(ApplicationFilterChain.java:193) ~[tomcat-embed-core-9.0.37.jar:9.0.37]
	at org.apache.catalina.core.ApplicationFilterChain.doFilter(ApplicationFilterChain.java:166) ~[tomcat-embed-core-9.0.37.jar:9.0.37]
	at org.springframework.web.filter.FormContentFilter.doFilterInternal(FormContentFilter.java:93) ~[spring-web-5.2.8.RELEASE.jar:5.2.8.RELEASE]
	at org.springframework.web.filter.OncePerRequestFilter.doFilter(OncePerRequestFilter.java:119) ~[spring-web-5.2.8.RELEASE.jar:5.2.8.RELEASE]
	at org.apache.catalina.core.ApplicationFilterChain.internalDoFilter(ApplicationFilterChain.java:193) ~[tomcat-embed-core-9.0.37.jar:9.0.37]
	at org.apache.catalina.core.ApplicationFilterChain.doFilter(ApplicationFilterChain.java:166) ~[tomcat-embed-core-9.0.37.jar:9.0.37]
	at org.springframework.web.filter.CharacterEncodingFilter.doFilterInternal(CharacterEncodingFilter.java:201) ~[spring-web-5.2.8.RELEASE.jar:5.2.8.RELEASE]
	at org.springframework.web.filter.OncePerRequestFilter.doFilter(OncePerRequestFilter.java:119) ~[spring-web-5.2.8.RELEASE.jar:5.2.8.RELEASE]
	at org.apache.catalina.core.ApplicationFilterChain.internalDoFilter(ApplicationFilterChain.java:193) ~[tomcat-embed-core-9.0.37.jar:9.0.37]
	at org.apache.catalina.core.ApplicationFilterChain.doFilter(ApplicationFilterChain.java:166) ~[tomcat-embed-core-9.0.37.jar:9.0.37]
	at org.apache.catalina.core.StandardWrapperValve.invoke(StandardWrapperValve.java:202) [tomcat-embed-core-9.0.37.jar:9.0.37]
	at org.apache.catalina.core.StandardContextValve.invoke(StandardContextValve.java:96) [tomcat-embed-core-9.0.37.jar:9.0.37]
	at org.apache.catalina.authenticator.AuthenticatorBase.invoke(AuthenticatorBase.java:541) [tomcat-embed-core-9.0.37.jar:9.0.37]
	at org.apache.catalina.core.StandardHostValve.invoke(StandardHostValve.java:139) [tomcat-embed-core-9.0.37.jar:9.0.37]
	at org.apache.catalina.valves.ErrorReportValve.invoke(ErrorReportValve.java:92) [tomcat-embed-core-9.0.37.jar:9.0.37]
	at org.apache.catalina.core.StandardEngineValve.invoke(StandardEngineValve.java:74) [tomcat-embed-core-9.0.37.jar:9.0.37]
	at org.apache.catalina.connector.CoyoteAdapter.service(CoyoteAdapter.java:343) [tomcat-embed-core-9.0.37.jar:9.0.37]
	at org.apache.coyote.http11.Http11Processor.service(Http11Processor.java:373) [tomcat-embed-core-9.0.37.jar:9.0.37]
	at org.apache.coyote.AbstractProcessorLight.process(AbstractProcessorLight.java:65) [tomcat-embed-core-9.0.37.jar:9.0.37]
	at org.apache.coyote.AbstractProtocol$ConnectionHandler.process(AbstractProtocol.java:868) [tomcat-embed-core-9.0.37.jar:9.0.37]
	at org.apache.tomcat.util.net.NioEndpoint$SocketProcessor.doRun(NioEndpoint.java:1589) [tomcat-embed-core-9.0.37.jar:9.0.37]
	at org.apache.tomcat.util.net.SocketProcessorBase.run(SocketProcessorBase.java:49) [tomcat-embed-core-9.0.37.jar:9.0.37]
	at java.util.concurrent.ThreadPoolExecutor.runWorker(ThreadPoolExecutor.java:1149) [?:1.8.0_261]
	at java.util.concurrent.ThreadPoolExecutor$Worker.run(ThreadPoolExecutor.java:624) [?:1.8.0_261]
	at org.apache.tomcat.util.threads.TaskThread$WrappingRunnable.run(TaskThread.java:61) [tomcat-embed-core-9.0.37.jar:9.0.37]
	at java.lang.Thread.run(Thread.java:748) [?:1.8.0_261]
ar.edu.unq.desapp.grupoG.backenddesappapi.BackendDesappApiApplication - Starting BackendDesappApiApplication on DESKTOP-UBGRTCP with PID 9560 (C:\Users\gonzo\Desktop\desarrollo\Grupo-G-022020\backend-desapp-api\target\classes started by gonzo in C:\Users\gonzo\Desktop\desarrollo\Grupo-G-022020\backend-desapp-api)
ar.edu.unq.desapp.grupoG.backenddesappapi.BackendDesappApiApplication - No active profile set, falling back to default profiles: default
org.springframework.boot.devtools.env.DevToolsPropertyDefaultsPostProcessor - Devtools property defaults active! Set 'spring.devtools.add-properties' to 'false' to disable
org.springframework.boot.devtools.env.DevToolsPropertyDefaultsPostProcessor - For additional web related logging consider setting the 'logging.level.web' property to 'DEBUG'
org.springframework.data.repository.config.RepositoryConfigurationDelegate - Bootstrapping Spring Data JPA repositories in DEFERRED mode.
org.springframework.data.repository.config.RepositoryConfigurationDelegate - Finished Spring Data repository scanning in 114ms. Found 6 JPA repository interfaces.
org.springframework.boot.web.embedded.tomcat.TomcatWebServer - Tomcat initialized with port(s): 8080 (http)
org.apache.catalina.core.StandardService - Starting service [Tomcat]
org.apache.catalina.core.StandardEngine - Starting Servlet engine: [Apache Tomcat/9.0.37]
org.apache.catalina.core.ContainerBase.[Tomcat].[localhost].[/] - Initializing Spring embedded WebApplicationContext
org.springframework.boot.web.servlet.context.ServletWebServerApplicationContext - Root WebApplicationContext: initialization completed in 2469 ms
com.zaxxer.hikari.HikariDataSource - HikariPool-1 - Starting...
com.zaxxer.hikari.HikariDataSource - HikariPool-1 - Start completed.
org.springframework.boot.autoconfigure.h2.H2ConsoleAutoConfiguration - H2 console available at '/h2'. Database available at 'jdbc:h2:mem:testdb'
org.springframework.scheduling.concurrent.ThreadPoolTaskExecutor - Initializing ExecutorService 'applicationTaskExecutor'
org.springframework.scheduling.concurrent.ThreadPoolTaskScheduler - Initializing ExecutorService 'taskScheduler'
org.hibernate.jpa.internal.util.LogHelper - HHH000204: Processing PersistenceUnitInfo [name: default]
org.hibernate.Version - HHH000412: Hibernate ORM core version 5.4.20.Final
org.hibernate.annotations.common.Version - HCANN000001: Hibernate Commons Annotations {5.1.0.Final}
org.hibernate.dialect.Dialect - HHH000400: Using dialect: org.hibernate.dialect.H2Dialect
org.hibernate.engine.transaction.jta.platform.internal.JtaPlatformInitiator - HHH000490: Using JtaPlatform implementation: [org.hibernate.engine.transaction.jta.platform.internal.NoJtaPlatform]
org.springframework.orm.jpa.LocalContainerEntityManagerFactoryBean - Initialized JPA EntityManagerFactory for persistence unit 'default'
org.springframework.boot.devtools.autoconfigure.OptionalLiveReloadServer - LiveReload server is running on port 35729
org.springframework.boot.autoconfigure.orm.jpa.JpaBaseConfiguration$JpaWebConfiguration - spring.jpa.open-in-view is enabled by default. Therefore, database queries may be performed during view rendering. Explicitly configure spring.jpa.open-in-view to disable this warning
org.springframework.boot.web.embedded.tomcat.TomcatWebServer - Tomcat started on port(s): 8080 (http) with context path ''
org.springframework.data.repository.config.DeferredRepositoryInitializationListener - Triggering deferred initialization of Spring Data repositories…
org.springframework.data.repository.config.DeferredRepositoryInitializationListener - Spring Data repositories initialized!
ar.edu.unq.desapp.grupoG.backenddesappapi.BackendDesappApiApplication - Started BackendDesappApiApplication in 7.326 seconds (JVM running for 9.073)
org.apache.catalina.core.ContainerBase.[Tomcat].[localhost].[/] - Initializing Spring DispatcherServlet 'dispatcherServlet'
org.springframework.web.servlet.DispatcherServlet - Initializing Servlet 'dispatcherServlet'
org.springframework.web.servlet.DispatcherServlet - Completed initialization in 12 ms
ar.edu.unq.desapp.grupoG.backenddesappapi.aspects.AuditLoggerAspect - /-------------------Audit-Log-------------------------/
ar.edu.unq.desapp.grupoG.backenddesappapi.aspects.AuditLoggerAspect - /////// Executed in time: 24 de noviembre de 2020 15:48:11 ART ///////
ar.edu.unq.desapp.grupoG.backenddesappapi.aspects.AuditLoggerAspect - /////// List ar.edu.unq.desapp.grupoG.backenddesappapi.controller.LocationController.getAllLocations() ///////
ar.edu.unq.desapp.grupoG.backenddesappapi.aspects.AuditLoggerAspect - /////// Executed in 317ms ///////
ar.edu.unq.desapp.grupoG.backenddesappapi.aspects.AuditLoggerAspect - /////// Params ///////
org.apache.catalina.core.ContainerBase.[Tomcat].[localhost].[/].[dispatcherServlet] - Servlet.service() for servlet [dispatcherServlet] in context with path [] threw exception [Request processing failed; nested exception is java.lang.ArrayIndexOutOfBoundsException: 0] with root cause
java.lang.ArrayIndexOutOfBoundsException: 0
	at ar.edu.unq.desapp.grupoG.backenddesappapi.aspects.AuditLoggerAspect.execute(AuditLoggerAspect.java:39) ~[classes/:?]
	at sun.reflect.NativeMethodAccessorImpl.invoke0(Native Method) ~[?:1.8.0_261]
	at sun.reflect.NativeMethodAccessorImpl.invoke(NativeMethodAccessorImpl.java:62) ~[?:1.8.0_261]
	at sun.reflect.DelegatingMethodAccessorImpl.invoke(DelegatingMethodAccessorImpl.java:43) ~[?:1.8.0_261]
	at java.lang.reflect.Method.invoke(Method.java:498) ~[?:1.8.0_261]
	at org.springframework.aop.aspectj.AbstractAspectJAdvice.invokeAdviceMethodWithGivenArgs(AbstractAspectJAdvice.java:644) ~[spring-aop-5.2.8.RELEASE.jar:5.2.8.RELEASE]
	at org.springframework.aop.aspectj.AbstractAspectJAdvice.invokeAdviceMethod(AbstractAspectJAdvice.java:633) ~[spring-aop-5.2.8.RELEASE.jar:5.2.8.RELEASE]
	at org.springframework.aop.aspectj.AspectJAroundAdvice.invoke(AspectJAroundAdvice.java:70) ~[spring-aop-5.2.8.RELEASE.jar:5.2.8.RELEASE]
	at org.springframework.aop.framework.ReflectiveMethodInvocation.proceed(ReflectiveMethodInvocation.java:175) ~[spring-aop-5.2.8.RELEASE.jar:5.2.8.RELEASE]
	at org.springframework.aop.framework.CglibAopProxy$CglibMethodInvocation.proceed(CglibAopProxy.java:749) ~[spring-aop-5.2.8.RELEASE.jar:5.2.8.RELEASE]
	at org.springframework.aop.interceptor.ExposeInvocationInterceptor.invoke(ExposeInvocationInterceptor.java:95) ~[spring-aop-5.2.8.RELEASE.jar:5.2.8.RELEASE]
	at org.springframework.aop.framework.ReflectiveMethodInvocation.proceed(ReflectiveMethodInvocation.java:186) ~[spring-aop-5.2.8.RELEASE.jar:5.2.8.RELEASE]
	at org.springframework.aop.framework.CglibAopProxy$CglibMethodInvocation.proceed(CglibAopProxy.java:749) ~[spring-aop-5.2.8.RELEASE.jar:5.2.8.RELEASE]
	at org.springframework.aop.framework.CglibAopProxy$DynamicAdvisedInterceptor.intercept(CglibAopProxy.java:691) ~[spring-aop-5.2.8.RELEASE.jar:5.2.8.RELEASE]
	at ar.edu.unq.desapp.grupoG.backenddesappapi.controller.LocationController$$EnhancerBySpringCGLIB$$eaeb2bca.getAllLocations(<generated>) ~[classes/:?]
	at sun.reflect.NativeMethodAccessorImpl.invoke0(Native Method) ~[?:1.8.0_261]
	at sun.reflect.NativeMethodAccessorImpl.invoke(NativeMethodAccessorImpl.java:62) ~[?:1.8.0_261]
	at sun.reflect.DelegatingMethodAccessorImpl.invoke(DelegatingMethodAccessorImpl.java:43) ~[?:1.8.0_261]
	at java.lang.reflect.Method.invoke(Method.java:498) ~[?:1.8.0_261]
	at org.springframework.web.method.support.InvocableHandlerMethod.doInvoke(InvocableHandlerMethod.java:190) ~[spring-web-5.2.8.RELEASE.jar:5.2.8.RELEASE]
	at org.springframework.web.method.support.InvocableHandlerMethod.invokeForRequest(InvocableHandlerMethod.java:138) ~[spring-web-5.2.8.RELEASE.jar:5.2.8.RELEASE]
	at org.springframework.web.servlet.mvc.method.annotation.ServletInvocableHandlerMethod.invokeAndHandle(ServletInvocableHandlerMethod.java:105) ~[spring-webmvc-5.2.8.RELEASE.jar:5.2.8.RELEASE]
	at org.springframework.web.servlet.mvc.method.annotation.RequestMappingHandlerAdapter.invokeHandlerMethod(RequestMappingHandlerAdapter.java:878) ~[spring-webmvc-5.2.8.RELEASE.jar:5.2.8.RELEASE]
	at org.springframework.web.servlet.mvc.method.annotation.RequestMappingHandlerAdapter.handleInternal(RequestMappingHandlerAdapter.java:792) ~[spring-webmvc-5.2.8.RELEASE.jar:5.2.8.RELEASE]
	at org.springframework.web.servlet.mvc.method.AbstractHandlerMethodAdapter.handle(AbstractHandlerMethodAdapter.java:87) ~[spring-webmvc-5.2.8.RELEASE.jar:5.2.8.RELEASE]
	at org.springframework.web.servlet.DispatcherServlet.doDispatch(DispatcherServlet.java:1040) ~[spring-webmvc-5.2.8.RELEASE.jar:5.2.8.RELEASE]
	at org.springframework.web.servlet.DispatcherServlet.doService(DispatcherServlet.java:943) ~[spring-webmvc-5.2.8.RELEASE.jar:5.2.8.RELEASE]
	at org.springframework.web.servlet.FrameworkServlet.processRequest(FrameworkServlet.java:1006) ~[spring-webmvc-5.2.8.RELEASE.jar:5.2.8.RELEASE]
	at org.springframework.web.servlet.FrameworkServlet.doGet(FrameworkServlet.java:898) ~[spring-webmvc-5.2.8.RELEASE.jar:5.2.8.RELEASE]
	at javax.servlet.http.HttpServlet.service(HttpServlet.java:626) ~[tomcat-embed-core-9.0.37.jar:4.0.FR]
	at org.springframework.web.servlet.FrameworkServlet.service(FrameworkServlet.java:883) ~[spring-webmvc-5.2.8.RELEASE.jar:5.2.8.RELEASE]
	at javax.servlet.http.HttpServlet.service(HttpServlet.java:733) ~[tomcat-embed-core-9.0.37.jar:4.0.FR]
	at org.apache.catalina.core.ApplicationFilterChain.internalDoFilter(ApplicationFilterChain.java:231) ~[tomcat-embed-core-9.0.37.jar:9.0.37]
	at org.apache.catalina.core.ApplicationFilterChain.doFilter(ApplicationFilterChain.java:166) ~[tomcat-embed-core-9.0.37.jar:9.0.37]
	at org.apache.tomcat.websocket.server.WsFilter.doFilter(WsFilter.java:53) ~[tomcat-embed-websocket-9.0.37.jar:9.0.37]
	at org.apache.catalina.core.ApplicationFilterChain.internalDoFilter(ApplicationFilterChain.java:193) ~[tomcat-embed-core-9.0.37.jar:9.0.37]
	at org.apache.catalina.core.ApplicationFilterChain.doFilter(ApplicationFilterChain.java:166) ~[tomcat-embed-core-9.0.37.jar:9.0.37]
	at org.springframework.web.filter.RequestContextFilter.doFilterInternal(RequestContextFilter.java:100) ~[spring-web-5.2.8.RELEASE.jar:5.2.8.RELEASE]
	at org.springframework.web.filter.OncePerRequestFilter.doFilter(OncePerRequestFilter.java:119) ~[spring-web-5.2.8.RELEASE.jar:5.2.8.RELEASE]
	at org.apache.catalina.core.ApplicationFilterChain.internalDoFilter(ApplicationFilterChain.java:193) ~[tomcat-embed-core-9.0.37.jar:9.0.37]
	at org.apache.catalina.core.ApplicationFilterChain.doFilter(ApplicationFilterChain.java:166) ~[tomcat-embed-core-9.0.37.jar:9.0.37]
	at org.springframework.web.filter.FormContentFilter.doFilterInternal(FormContentFilter.java:93) ~[spring-web-5.2.8.RELEASE.jar:5.2.8.RELEASE]
	at org.springframework.web.filter.OncePerRequestFilter.doFilter(OncePerRequestFilter.java:119) ~[spring-web-5.2.8.RELEASE.jar:5.2.8.RELEASE]
	at org.apache.catalina.core.ApplicationFilterChain.internalDoFilter(ApplicationFilterChain.java:193) ~[tomcat-embed-core-9.0.37.jar:9.0.37]
	at org.apache.catalina.core.ApplicationFilterChain.doFilter(ApplicationFilterChain.java:166) ~[tomcat-embed-core-9.0.37.jar:9.0.37]
	at org.springframework.web.filter.CharacterEncodingFilter.doFilterInternal(CharacterEncodingFilter.java:201) ~[spring-web-5.2.8.RELEASE.jar:5.2.8.RELEASE]
	at org.springframework.web.filter.OncePerRequestFilter.doFilter(OncePerRequestFilter.java:119) ~[spring-web-5.2.8.RELEASE.jar:5.2.8.RELEASE]
	at org.apache.catalina.core.ApplicationFilterChain.internalDoFilter(ApplicationFilterChain.java:193) ~[tomcat-embed-core-9.0.37.jar:9.0.37]
	at org.apache.catalina.core.ApplicationFilterChain.doFilter(ApplicationFilterChain.java:166) ~[tomcat-embed-core-9.0.37.jar:9.0.37]
	at org.apache.catalina.core.StandardWrapperValve.invoke(StandardWrapperValve.java:202) [tomcat-embed-core-9.0.37.jar:9.0.37]
	at org.apache.catalina.core.StandardContextValve.invoke(StandardContextValve.java:96) [tomcat-embed-core-9.0.37.jar:9.0.37]
	at org.apache.catalina.authenticator.AuthenticatorBase.invoke(AuthenticatorBase.java:541) [tomcat-embed-core-9.0.37.jar:9.0.37]
	at org.apache.catalina.core.StandardHostValve.invoke(StandardHostValve.java:139) [tomcat-embed-core-9.0.37.jar:9.0.37]
	at org.apache.catalina.valves.ErrorReportValve.invoke(ErrorReportValve.java:92) [tomcat-embed-core-9.0.37.jar:9.0.37]
	at org.apache.catalina.core.StandardEngineValve.invoke(StandardEngineValve.java:74) [tomcat-embed-core-9.0.37.jar:9.0.37]
	at org.apache.catalina.connector.CoyoteAdapter.service(CoyoteAdapter.java:343) [tomcat-embed-core-9.0.37.jar:9.0.37]
	at org.apache.coyote.http11.Http11Processor.service(Http11Processor.java:373) [tomcat-embed-core-9.0.37.jar:9.0.37]
	at org.apache.coyote.AbstractProcessorLight.process(AbstractProcessorLight.java:65) [tomcat-embed-core-9.0.37.jar:9.0.37]
	at org.apache.coyote.AbstractProtocol$ConnectionHandler.process(AbstractProtocol.java:868) [tomcat-embed-core-9.0.37.jar:9.0.37]
	at org.apache.tomcat.util.net.NioEndpoint$SocketProcessor.doRun(NioEndpoint.java:1589) [tomcat-embed-core-9.0.37.jar:9.0.37]
	at org.apache.tomcat.util.net.SocketProcessorBase.run(SocketProcessorBase.java:49) [tomcat-embed-core-9.0.37.jar:9.0.37]
	at java.util.concurrent.ThreadPoolExecutor.runWorker(ThreadPoolExecutor.java:1149) [?:1.8.0_261]
	at java.util.concurrent.ThreadPoolExecutor$Worker.run(ThreadPoolExecutor.java:624) [?:1.8.0_261]
	at org.apache.tomcat.util.threads.TaskThread$WrappingRunnable.run(TaskThread.java:61) [tomcat-embed-core-9.0.37.jar:9.0.37]
	at java.lang.Thread.run(Thread.java:748) [?:1.8.0_261]
ar.edu.unq.desapp.grupoG.backenddesappapi.aspects.AuditLoggerAspect - /-------------------Audit-Log-------------------------/
ar.edu.unq.desapp.grupoG.backenddesappapi.aspects.AuditLoggerAspect - /////// Executed in time: 24 de noviembre de 2020 15:48:36 ART ///////
ar.edu.unq.desapp.grupoG.backenddesappapi.aspects.AuditLoggerAspect - /////// User ar.edu.unq.desapp.grupoG.backenddesappapi.controller.UserController.getUserByEmail(User) ///////
ar.edu.unq.desapp.grupoG.backenddesappapi.aspects.AuditLoggerAspect - /////// Executed in 34ms ///////
ar.edu.unq.desapp.grupoG.backenddesappapi.aspects.AuditLoggerAspect - /////// Params ///////
ar.edu.unq.desapp.grupoG.backenddesappapi.aspects.AuditLoggerAspect - /////// ar.edu.unq.desapp.grupoG.backenddesappapi.model.User@5366342f ///////
ar.edu.unq.desapp.grupoG.backenddesappapi.aspects.AuditLoggerAspect - /-----------------------------------------------------/
ar.edu.unq.desapp.grupoG.backenddesappapi.aspects.AuditLoggerAspect - /-------------------Audit-Log-------------------------/
ar.edu.unq.desapp.grupoG.backenddesappapi.aspects.AuditLoggerAspect - /////// Executed in time: 24 de noviembre de 2020 15:48:41 ART ///////
ar.edu.unq.desapp.grupoG.backenddesappapi.aspects.AuditLoggerAspect - /////// List ar.edu.unq.desapp.grupoG.backenddesappapi.controller.LocationController.getAllLocations() ///////
ar.edu.unq.desapp.grupoG.backenddesappapi.aspects.AuditLoggerAspect - /////// Executed in 3ms ///////
ar.edu.unq.desapp.grupoG.backenddesappapi.aspects.AuditLoggerAspect - /////// Params ///////
org.apache.catalina.core.ContainerBase.[Tomcat].[localhost].[/].[dispatcherServlet] - Servlet.service() for servlet [dispatcherServlet] in context with path [] threw exception [Request processing failed; nested exception is java.lang.ArrayIndexOutOfBoundsException: 0] with root cause
java.lang.ArrayIndexOutOfBoundsException: 0
	at ar.edu.unq.desapp.grupoG.backenddesappapi.aspects.AuditLoggerAspect.execute(AuditLoggerAspect.java:39) ~[classes/:?]
	at sun.reflect.NativeMethodAccessorImpl.invoke0(Native Method) ~[?:1.8.0_261]
	at sun.reflect.NativeMethodAccessorImpl.invoke(NativeMethodAccessorImpl.java:62) ~[?:1.8.0_261]
	at sun.reflect.DelegatingMethodAccessorImpl.invoke(DelegatingMethodAccessorImpl.java:43) ~[?:1.8.0_261]
	at java.lang.reflect.Method.invoke(Method.java:498) ~[?:1.8.0_261]
	at org.springframework.aop.aspectj.AbstractAspectJAdvice.invokeAdviceMethodWithGivenArgs(AbstractAspectJAdvice.java:644) ~[spring-aop-5.2.8.RELEASE.jar:5.2.8.RELEASE]
	at org.springframework.aop.aspectj.AbstractAspectJAdvice.invokeAdviceMethod(AbstractAspectJAdvice.java:633) ~[spring-aop-5.2.8.RELEASE.jar:5.2.8.RELEASE]
	at org.springframework.aop.aspectj.AspectJAroundAdvice.invoke(AspectJAroundAdvice.java:70) ~[spring-aop-5.2.8.RELEASE.jar:5.2.8.RELEASE]
	at org.springframework.aop.framework.ReflectiveMethodInvocation.proceed(ReflectiveMethodInvocation.java:175) ~[spring-aop-5.2.8.RELEASE.jar:5.2.8.RELEASE]
	at org.springframework.aop.framework.CglibAopProxy$CglibMethodInvocation.proceed(CglibAopProxy.java:749) ~[spring-aop-5.2.8.RELEASE.jar:5.2.8.RELEASE]
	at org.springframework.aop.interceptor.ExposeInvocationInterceptor.invoke(ExposeInvocationInterceptor.java:95) ~[spring-aop-5.2.8.RELEASE.jar:5.2.8.RELEASE]
	at org.springframework.aop.framework.ReflectiveMethodInvocation.proceed(ReflectiveMethodInvocation.java:186) ~[spring-aop-5.2.8.RELEASE.jar:5.2.8.RELEASE]
	at org.springframework.aop.framework.CglibAopProxy$CglibMethodInvocation.proceed(CglibAopProxy.java:749) ~[spring-aop-5.2.8.RELEASE.jar:5.2.8.RELEASE]
	at org.springframework.aop.framework.CglibAopProxy$DynamicAdvisedInterceptor.intercept(CglibAopProxy.java:691) ~[spring-aop-5.2.8.RELEASE.jar:5.2.8.RELEASE]
	at ar.edu.unq.desapp.grupoG.backenddesappapi.controller.LocationController$$EnhancerBySpringCGLIB$$eaeb2bca.getAllLocations(<generated>) ~[classes/:?]
	at sun.reflect.NativeMethodAccessorImpl.invoke0(Native Method) ~[?:1.8.0_261]
	at sun.reflect.NativeMethodAccessorImpl.invoke(NativeMethodAccessorImpl.java:62) ~[?:1.8.0_261]
	at sun.reflect.DelegatingMethodAccessorImpl.invoke(DelegatingMethodAccessorImpl.java:43) ~[?:1.8.0_261]
	at java.lang.reflect.Method.invoke(Method.java:498) ~[?:1.8.0_261]
	at org.springframework.web.method.support.InvocableHandlerMethod.doInvoke(InvocableHandlerMethod.java:190) ~[spring-web-5.2.8.RELEASE.jar:5.2.8.RELEASE]
	at org.springframework.web.method.support.InvocableHandlerMethod.invokeForRequest(InvocableHandlerMethod.java:138) ~[spring-web-5.2.8.RELEASE.jar:5.2.8.RELEASE]
	at org.springframework.web.servlet.mvc.method.annotation.ServletInvocableHandlerMethod.invokeAndHandle(ServletInvocableHandlerMethod.java:105) ~[spring-webmvc-5.2.8.RELEASE.jar:5.2.8.RELEASE]
	at org.springframework.web.servlet.mvc.method.annotation.RequestMappingHandlerAdapter.invokeHandlerMethod(RequestMappingHandlerAdapter.java:878) ~[spring-webmvc-5.2.8.RELEASE.jar:5.2.8.RELEASE]
	at org.springframework.web.servlet.mvc.method.annotation.RequestMappingHandlerAdapter.handleInternal(RequestMappingHandlerAdapter.java:792) ~[spring-webmvc-5.2.8.RELEASE.jar:5.2.8.RELEASE]
	at org.springframework.web.servlet.mvc.method.AbstractHandlerMethodAdapter.handle(AbstractHandlerMethodAdapter.java:87) ~[spring-webmvc-5.2.8.RELEASE.jar:5.2.8.RELEASE]
	at org.springframework.web.servlet.DispatcherServlet.doDispatch(DispatcherServlet.java:1040) ~[spring-webmvc-5.2.8.RELEASE.jar:5.2.8.RELEASE]
	at org.springframework.web.servlet.DispatcherServlet.doService(DispatcherServlet.java:943) ~[spring-webmvc-5.2.8.RELEASE.jar:5.2.8.RELEASE]
	at org.springframework.web.servlet.FrameworkServlet.processRequest(FrameworkServlet.java:1006) ~[spring-webmvc-5.2.8.RELEASE.jar:5.2.8.RELEASE]
	at org.springframework.web.servlet.FrameworkServlet.doGet(FrameworkServlet.java:898) ~[spring-webmvc-5.2.8.RELEASE.jar:5.2.8.RELEASE]
	at javax.servlet.http.HttpServlet.service(HttpServlet.java:626) ~[tomcat-embed-core-9.0.37.jar:4.0.FR]
	at org.springframework.web.servlet.FrameworkServlet.service(FrameworkServlet.java:883) ~[spring-webmvc-5.2.8.RELEASE.jar:5.2.8.RELEASE]
	at javax.servlet.http.HttpServlet.service(HttpServlet.java:733) ~[tomcat-embed-core-9.0.37.jar:4.0.FR]
	at org.apache.catalina.core.ApplicationFilterChain.internalDoFilter(ApplicationFilterChain.java:231) ~[tomcat-embed-core-9.0.37.jar:9.0.37]
	at org.apache.catalina.core.ApplicationFilterChain.doFilter(ApplicationFilterChain.java:166) ~[tomcat-embed-core-9.0.37.jar:9.0.37]
	at org.apache.tomcat.websocket.server.WsFilter.doFilter(WsFilter.java:53) ~[tomcat-embed-websocket-9.0.37.jar:9.0.37]
	at org.apache.catalina.core.ApplicationFilterChain.internalDoFilter(ApplicationFilterChain.java:193) ~[tomcat-embed-core-9.0.37.jar:9.0.37]
	at org.apache.catalina.core.ApplicationFilterChain.doFilter(ApplicationFilterChain.java:166) ~[tomcat-embed-core-9.0.37.jar:9.0.37]
	at org.springframework.web.filter.RequestContextFilter.doFilterInternal(RequestContextFilter.java:100) ~[spring-web-5.2.8.RELEASE.jar:5.2.8.RELEASE]
	at org.springframework.web.filter.OncePerRequestFilter.doFilter(OncePerRequestFilter.java:119) ~[spring-web-5.2.8.RELEASE.jar:5.2.8.RELEASE]
	at org.apache.catalina.core.ApplicationFilterChain.internalDoFilter(ApplicationFilterChain.java:193) ~[tomcat-embed-core-9.0.37.jar:9.0.37]
	at org.apache.catalina.core.ApplicationFilterChain.doFilter(ApplicationFilterChain.java:166) ~[tomcat-embed-core-9.0.37.jar:9.0.37]
	at org.springframework.web.filter.FormContentFilter.doFilterInternal(FormContentFilter.java:93) ~[spring-web-5.2.8.RELEASE.jar:5.2.8.RELEASE]
	at org.springframework.web.filter.OncePerRequestFilter.doFilter(OncePerRequestFilter.java:119) ~[spring-web-5.2.8.RELEASE.jar:5.2.8.RELEASE]
	at org.apache.catalina.core.ApplicationFilterChain.internalDoFilter(ApplicationFilterChain.java:193) ~[tomcat-embed-core-9.0.37.jar:9.0.37]
	at org.apache.catalina.core.ApplicationFilterChain.doFilter(ApplicationFilterChain.java:166) ~[tomcat-embed-core-9.0.37.jar:9.0.37]
	at org.springframework.web.filter.CharacterEncodingFilter.doFilterInternal(CharacterEncodingFilter.java:201) ~[spring-web-5.2.8.RELEASE.jar:5.2.8.RELEASE]
	at org.springframework.web.filter.OncePerRequestFilter.doFilter(OncePerRequestFilter.java:119) ~[spring-web-5.2.8.RELEASE.jar:5.2.8.RELEASE]
	at org.apache.catalina.core.ApplicationFilterChain.internalDoFilter(ApplicationFilterChain.java:193) ~[tomcat-embed-core-9.0.37.jar:9.0.37]
	at org.apache.catalina.core.ApplicationFilterChain.doFilter(ApplicationFilterChain.java:166) ~[tomcat-embed-core-9.0.37.jar:9.0.37]
	at org.apache.catalina.core.StandardWrapperValve.invoke(StandardWrapperValve.java:202) [tomcat-embed-core-9.0.37.jar:9.0.37]
	at org.apache.catalina.core.StandardContextValve.invoke(StandardContextValve.java:96) [tomcat-embed-core-9.0.37.jar:9.0.37]
	at org.apache.catalina.authenticator.AuthenticatorBase.invoke(AuthenticatorBase.java:541) [tomcat-embed-core-9.0.37.jar:9.0.37]
	at org.apache.catalina.core.StandardHostValve.invoke(StandardHostValve.java:139) [tomcat-embed-core-9.0.37.jar:9.0.37]
	at org.apache.catalina.valves.ErrorReportValve.invoke(ErrorReportValve.java:92) [tomcat-embed-core-9.0.37.jar:9.0.37]
	at org.apache.catalina.core.StandardEngineValve.invoke(StandardEngineValve.java:74) [tomcat-embed-core-9.0.37.jar:9.0.37]
	at org.apache.catalina.connector.CoyoteAdapter.service(CoyoteAdapter.java:343) [tomcat-embed-core-9.0.37.jar:9.0.37]
	at org.apache.coyote.http11.Http11Processor.service(Http11Processor.java:373) [tomcat-embed-core-9.0.37.jar:9.0.37]
	at org.apache.coyote.AbstractProcessorLight.process(AbstractProcessorLight.java:65) [tomcat-embed-core-9.0.37.jar:9.0.37]
	at org.apache.coyote.AbstractProtocol$ConnectionHandler.process(AbstractProtocol.java:868) [tomcat-embed-core-9.0.37.jar:9.0.37]
	at org.apache.tomcat.util.net.NioEndpoint$SocketProcessor.doRun(NioEndpoint.java:1589) [tomcat-embed-core-9.0.37.jar:9.0.37]
	at org.apache.tomcat.util.net.SocketProcessorBase.run(SocketProcessorBase.java:49) [tomcat-embed-core-9.0.37.jar:9.0.37]
	at java.util.concurrent.ThreadPoolExecutor.runWorker(ThreadPoolExecutor.java:1149) [?:1.8.0_261]
	at java.util.concurrent.ThreadPoolExecutor$Worker.run(ThreadPoolExecutor.java:624) [?:1.8.0_261]
	at org.apache.tomcat.util.threads.TaskThread$WrappingRunnable.run(TaskThread.java:61) [tomcat-embed-core-9.0.37.jar:9.0.37]
	at java.lang.Thread.run(Thread.java:748) [?:1.8.0_261]
ar.edu.unq.desapp.grupoG.backenddesappapi.BackendDesappApiApplication - Starting BackendDesappApiApplication on DESKTOP-UBGRTCP with PID 5964 (C:\Users\gonzo\Desktop\desarrollo\Grupo-G-022020\backend-desapp-api\target\classes started by gonzo in C:\Users\gonzo\Desktop\desarrollo\Grupo-G-022020\backend-desapp-api)
ar.edu.unq.desapp.grupoG.backenddesappapi.BackendDesappApiApplication - No active profile set, falling back to default profiles: default
org.springframework.boot.devtools.env.DevToolsPropertyDefaultsPostProcessor - Devtools property defaults active! Set 'spring.devtools.add-properties' to 'false' to disable
org.springframework.boot.devtools.env.DevToolsPropertyDefaultsPostProcessor - For additional web related logging consider setting the 'logging.level.web' property to 'DEBUG'
org.springframework.data.repository.config.RepositoryConfigurationDelegate - Bootstrapping Spring Data JPA repositories in DEFERRED mode.
org.springframework.data.repository.config.RepositoryConfigurationDelegate - Finished Spring Data repository scanning in 128ms. Found 6 JPA repository interfaces.
org.springframework.boot.web.embedded.tomcat.TomcatWebServer - Tomcat initialized with port(s): 8080 (http)
org.apache.catalina.core.StandardService - Starting service [Tomcat]
org.apache.catalina.core.StandardEngine - Starting Servlet engine: [Apache Tomcat/9.0.37]
org.apache.catalina.core.ContainerBase.[Tomcat].[localhost].[/] - Initializing Spring embedded WebApplicationContext
org.springframework.boot.web.servlet.context.ServletWebServerApplicationContext - Root WebApplicationContext: initialization completed in 2458 ms
com.zaxxer.hikari.HikariDataSource - HikariPool-1 - Starting...
com.zaxxer.hikari.HikariDataSource - HikariPool-1 - Start completed.
org.springframework.boot.autoconfigure.h2.H2ConsoleAutoConfiguration - H2 console available at '/h2'. Database available at 'jdbc:h2:mem:testdb'
org.springframework.scheduling.concurrent.ThreadPoolTaskExecutor - Initializing ExecutorService 'applicationTaskExecutor'
org.springframework.scheduling.concurrent.ThreadPoolTaskScheduler - Initializing ExecutorService 'taskScheduler'
org.hibernate.jpa.internal.util.LogHelper - HHH000204: Processing PersistenceUnitInfo [name: default]
org.hibernate.Version - HHH000412: Hibernate ORM core version 5.4.20.Final
org.hibernate.annotations.common.Version - HCANN000001: Hibernate Commons Annotations {5.1.0.Final}
org.hibernate.dialect.Dialect - HHH000400: Using dialect: org.hibernate.dialect.H2Dialect
org.hibernate.engine.transaction.jta.platform.internal.JtaPlatformInitiator - HHH000490: Using JtaPlatform implementation: [org.hibernate.engine.transaction.jta.platform.internal.NoJtaPlatform]
org.springframework.orm.jpa.LocalContainerEntityManagerFactoryBean - Initialized JPA EntityManagerFactory for persistence unit 'default'
org.springframework.boot.devtools.autoconfigure.OptionalLiveReloadServer - LiveReload server is running on port 35729
org.springframework.boot.autoconfigure.orm.jpa.JpaBaseConfiguration$JpaWebConfiguration - spring.jpa.open-in-view is enabled by default. Therefore, database queries may be performed during view rendering. Explicitly configure spring.jpa.open-in-view to disable this warning
org.springframework.boot.web.embedded.tomcat.TomcatWebServer - Tomcat started on port(s): 8080 (http) with context path ''
org.springframework.data.repository.config.DeferredRepositoryInitializationListener - Triggering deferred initialization of Spring Data repositories…
org.springframework.data.repository.config.DeferredRepositoryInitializationListener - Spring Data repositories initialized!
ar.edu.unq.desapp.grupoG.backenddesappapi.BackendDesappApiApplication - Started BackendDesappApiApplication in 7.373 seconds (JVM running for 8.585)
org.apache.catalina.core.ContainerBase.[Tomcat].[localhost].[/] - Initializing Spring DispatcherServlet 'dispatcherServlet'
org.springframework.web.servlet.DispatcherServlet - Initializing Servlet 'dispatcherServlet'
org.springframework.web.servlet.DispatcherServlet - Completed initialization in 15 ms
ar.edu.unq.desapp.grupoG.backenddesappapi.aspects.AuditLoggerAspect - /-------------------Audit-Log-------------------------/
ar.edu.unq.desapp.grupoG.backenddesappapi.aspects.AuditLoggerAspect - /////// Executed in time: 24 de noviembre de 2020 15:50:40 ART ///////
ar.edu.unq.desapp.grupoG.backenddesappapi.aspects.AuditLoggerAspect - /////// User ar.edu.unq.desapp.grupoG.backenddesappapi.controller.UserController.getUserByEmail(User) ///////
ar.edu.unq.desapp.grupoG.backenddesappapi.aspects.AuditLoggerAspect - /////// Executed in 250ms ///////
ar.edu.unq.desapp.grupoG.backenddesappapi.aspects.AuditLoggerAspect - /////// Params ///////
ar.edu.unq.desapp.grupoG.backenddesappapi.aspects.AuditLoggerAspect - /////// ar.edu.unq.desapp.grupoG.backenddesappapi.model.User@620664f2 ///////
ar.edu.unq.desapp.grupoG.backenddesappapi.aspects.AuditLoggerAspect - /-----------------------------------------------------/
ar.edu.unq.desapp.grupoG.backenddesappapi.aspects.AuditLoggerAspect - /-------------------Audit-Log-------------------------/
ar.edu.unq.desapp.grupoG.backenddesappapi.aspects.AuditLoggerAspect - /////// Executed in time: 24 de noviembre de 2020 15:50:44 ART ///////
ar.edu.unq.desapp.grupoG.backenddesappapi.aspects.AuditLoggerAspect - /////// List ar.edu.unq.desapp.grupoG.backenddesappapi.controller.LocationController.getAllLocations() ///////
ar.edu.unq.desapp.grupoG.backenddesappapi.aspects.AuditLoggerAspect - /////// Executed in 11ms ///////
ar.edu.unq.desapp.grupoG.backenddesappapi.aspects.AuditLoggerAspect - /////// No Params ///////
ar.edu.unq.desapp.grupoG.backenddesappapi.aspects.AuditLoggerAspect - /-----------------------------------------------------/
ar.edu.unq.desapp.grupoG.backenddesappapi.aspects.AuditLoggerAspect - /-------------------Audit-Log-------------------------/
ar.edu.unq.desapp.grupoG.backenddesappapi.aspects.AuditLoggerAspect - /////// Executed in time: 24 de noviembre de 2020 15:51:06 ART ///////
ar.edu.unq.desapp.grupoG.backenddesappapi.aspects.AuditLoggerAspect - /////// void ar.edu.unq.desapp.grupoG.backenddesappapi.controller.ProjectController.createProject(Project) ///////
ar.edu.unq.desapp.grupoG.backenddesappapi.aspects.AuditLoggerAspect - /////// Executed in 17ms ///////
ar.edu.unq.desapp.grupoG.backenddesappapi.aspects.AuditLoggerAspect - /////// Params ///////
ar.edu.unq.desapp.grupoG.backenddesappapi.aspects.AuditLoggerAspect - /////// Project{id=14, location='Location{id=2, name='Loc2', province='prov2', population=50, connectivityStatus='Status'}', factor='5000', minPercentProjectClosure='50.0', projectFantasyName=The project', closeProjectDate=2022-11-24', startProjectDate=2020-11-24', donations=null', isClosed=false', participants=0', budgetCollected=0', percentCollected=0.0'} ///////
ar.edu.unq.desapp.grupoG.backenddesappapi.aspects.AuditLoggerAspect - /-----------------------------------------------------/
ar.edu.unq.desapp.grupoG.backenddesappapi.aspects.AuditLoggerAspect - /-------------------Audit-Log-------------------------/
ar.edu.unq.desapp.grupoG.backenddesappapi.aspects.AuditLoggerAspect - /////// Executed in time: 24 de noviembre de 2020 15:51:15 ART ///////
ar.edu.unq.desapp.grupoG.backenddesappapi.aspects.AuditLoggerAspect - /////// Stream ar.edu.unq.desapp.grupoG.backenddesappapi.controller.ProjectController.getOpenProjects(Pageable) ///////
ar.edu.unq.desapp.grupoG.backenddesappapi.aspects.AuditLoggerAspect - /////// Executed in 73ms ///////
ar.edu.unq.desapp.grupoG.backenddesappapi.aspects.AuditLoggerAspect - /////// Params ///////
ar.edu.unq.desapp.grupoG.backenddesappapi.aspects.AuditLoggerAspect - /////// Page request [number: 0, size 5, sort: UNSORTED] ///////
ar.edu.unq.desapp.grupoG.backenddesappapi.aspects.AuditLoggerAspect - /-----------------------------------------------------/
ar.edu.unq.desapp.grupoG.backenddesappapi.aspects.AuditLoggerAspect - /-------------------Audit-Log-------------------------/
ar.edu.unq.desapp.grupoG.backenddesappapi.aspects.AuditLoggerAspect - /////// Executed in time: 24 de noviembre de 2020 15:51:15 ART ///////
ar.edu.unq.desapp.grupoG.backenddesappapi.aspects.AuditLoggerAspect - /////// Stream ar.edu.unq.desapp.grupoG.backenddesappapi.controller.ProjectController.getOpenProjects(Pageable) ///////
ar.edu.unq.desapp.grupoG.backenddesappapi.aspects.AuditLoggerAspect - /////// Executed in 11ms ///////
ar.edu.unq.desapp.grupoG.backenddesappapi.aspects.AuditLoggerAspect - /////// Params ///////
ar.edu.unq.desapp.grupoG.backenddesappapi.aspects.AuditLoggerAspect - /////// Page request [number: 1, size 5, sort: UNSORTED] ///////
ar.edu.unq.desapp.grupoG.backenddesappapi.aspects.AuditLoggerAspect - /-----------------------------------------------------/
ar.edu.unq.desapp.grupoG.backenddesappapi.aspects.AuditLoggerAspect - /-------------------Audit-Log-------------------------/
ar.edu.unq.desapp.grupoG.backenddesappapi.aspects.AuditLoggerAspect - /////// Executed in time: 24 de noviembre de 2020 15:51:16 ART ///////
ar.edu.unq.desapp.grupoG.backenddesappapi.aspects.AuditLoggerAspect - /////// Stream ar.edu.unq.desapp.grupoG.backenddesappapi.controller.ProjectController.getOpenProjects(Pageable) ///////
ar.edu.unq.desapp.grupoG.backenddesappapi.aspects.AuditLoggerAspect - /////// Executed in 5ms ///////
ar.edu.unq.desapp.grupoG.backenddesappapi.aspects.AuditLoggerAspect - /////// Params ///////
ar.edu.unq.desapp.grupoG.backenddesappapi.aspects.AuditLoggerAspect - /////// Page request [number: 2, size 5, sort: UNSORTED] ///////
ar.edu.unq.desapp.grupoG.backenddesappapi.aspects.AuditLoggerAspect - /-----------------------------------------------------/
ar.edu.unq.desapp.grupoG.backenddesappapi.aspects.AuditLoggerAspect - /-------------------Audit-Log-------------------------/
ar.edu.unq.desapp.grupoG.backenddesappapi.aspects.AuditLoggerAspect - /////// Executed in time: 24 de noviembre de 2020 15:51:16 ART ///////
ar.edu.unq.desapp.grupoG.backenddesappapi.aspects.AuditLoggerAspect - /////// Stream ar.edu.unq.desapp.grupoG.backenddesappapi.controller.ProjectController.getOpenProjects(Pageable) ///////
ar.edu.unq.desapp.grupoG.backenddesappapi.aspects.AuditLoggerAspect - /////// Executed in 1ms ///////
ar.edu.unq.desapp.grupoG.backenddesappapi.aspects.AuditLoggerAspect - /////// Params ///////
ar.edu.unq.desapp.grupoG.backenddesappapi.aspects.AuditLoggerAspect - /////// Page request [number: 3, size 5, sort: UNSORTED] ///////
ar.edu.unq.desapp.grupoG.backenddesappapi.aspects.AuditLoggerAspect - /-----------------------------------------------------/
ar.edu.unq.desapp.grupoG.backenddesappapi.aspects.AuditLoggerAspect - /-------------------Audit-Log-------------------------/
ar.edu.unq.desapp.grupoG.backenddesappapi.aspects.AuditLoggerAspect - /////// Executed in time: 24 de noviembre de 2020 15:51:19 ART ///////
ar.edu.unq.desapp.grupoG.backenddesappapi.aspects.AuditLoggerAspect - /////// Stream ar.edu.unq.desapp.grupoG.backenddesappapi.controller.ProjectController.findProjectsCloseToFinish(Pageable) ///////
ar.edu.unq.desapp.grupoG.backenddesappapi.aspects.AuditLoggerAspect - /////// Executed in 21ms ///////
ar.edu.unq.desapp.grupoG.backenddesappapi.aspects.AuditLoggerAspect - /////// Params ///////
ar.edu.unq.desapp.grupoG.backenddesappapi.aspects.AuditLoggerAspect - /////// Page request [number: 0, size 5, sort: UNSORTED] ///////
ar.edu.unq.desapp.grupoG.backenddesappapi.aspects.AuditLoggerAspect - /-----------------------------------------------------/
ar.edu.unq.desapp.grupoG.backenddesappapi.aspects.AuditLoggerAspect - /-------------------Audit-Log-------------------------/
ar.edu.unq.desapp.grupoG.backenddesappapi.aspects.AuditLoggerAspect - /////// Executed in time: 24 de noviembre de 2020 15:51:20 ART ///////
ar.edu.unq.desapp.grupoG.backenddesappapi.aspects.AuditLoggerAspect - /////// Stream ar.edu.unq.desapp.grupoG.backenddesappapi.controller.ProjectController.findProjectsCloseToFinish(Pageable) ///////
ar.edu.unq.desapp.grupoG.backenddesappapi.aspects.AuditLoggerAspect - /////// Executed in 6ms ///////
ar.edu.unq.desapp.grupoG.backenddesappapi.aspects.AuditLoggerAspect - /////// Params ///////
ar.edu.unq.desapp.grupoG.backenddesappapi.aspects.AuditLoggerAspect - /////// Page request [number: 1, size 5, sort: UNSORTED] ///////
ar.edu.unq.desapp.grupoG.backenddesappapi.aspects.AuditLoggerAspect - /-----------------------------------------------------/
ar.edu.unq.desapp.grupoG.backenddesappapi.aspects.AuditLoggerAspect - /-------------------Audit-Log-------------------------/
ar.edu.unq.desapp.grupoG.backenddesappapi.aspects.AuditLoggerAspect - /////// Executed in time: 24 de noviembre de 2020 15:51:20 ART ///////
ar.edu.unq.desapp.grupoG.backenddesappapi.aspects.AuditLoggerAspect - /////// Stream ar.edu.unq.desapp.grupoG.backenddesappapi.controller.ProjectController.findProjectsCloseToFinish(Pageable) ///////
ar.edu.unq.desapp.grupoG.backenddesappapi.aspects.AuditLoggerAspect - /////// Executed in 1ms ///////
ar.edu.unq.desapp.grupoG.backenddesappapi.aspects.AuditLoggerAspect - /////// Params ///////
ar.edu.unq.desapp.grupoG.backenddesappapi.aspects.AuditLoggerAspect - /////// Page request [number: 2, size 5, sort: UNSORTED] ///////
ar.edu.unq.desapp.grupoG.backenddesappapi.aspects.AuditLoggerAspect - /-----------------------------------------------------/
